\BOOKMARK [0][-]{chapter*.1}{Preface}{}% 1
\BOOKMARK [0][-]{chapter.1}{Sampling \046 Data}{}% 2
\BOOKMARK [1][-]{section.1.1}{Experiments \046 Studies}{chapter.1}% 3
\BOOKMARK [1][-]{section.1.2}{Multistage Sampling}{chapter.1}% 4
\BOOKMARK [1][-]{section.1.3}{Biased vs. Unbiased}{chapter.1}% 5
\BOOKMARK [1][-]{section.1.4}{Homework}{chapter.1}% 6
\BOOKMARK [0][-]{chapter.3}{Probability}{}% 7
\BOOKMARK [1][-]{section.3.1}{Bayes Theorem}{chapter.3}% 8
\BOOKMARK [1][-]{section.3.2}{Calculate and interpret marginal distribution}{chapter.3}% 9
\BOOKMARK [1][-]{section.3.3}{Homework}{chapter.3}% 10
\BOOKMARK [0][-]{chapter.4}{Discrete Random Vars.}{}% 11
\BOOKMARK [1][-]{section.4.1}{Variance}{chapter.4}% 12
\BOOKMARK [1][-]{section.4.2}{Transformations}{chapter.4}% 13
\BOOKMARK [1][-]{section.4.3}{Homework}{chapter.4}% 14
\BOOKMARK [0][-]{chapter.6}{Normal Dist}{}% 15
\BOOKMARK [1][-]{section.6.1}{Normal approximation}{chapter.6}% 16
\BOOKMARK [1][-]{section.6.2}{Homework}{chapter.6}% 17
\BOOKMARK [0][-]{chapter.9}{Hypothesis Testing}{}% 18
\BOOKMARK [1][-]{section.9.1}{Comparing information a confidence interval provides versus a significance test}{chapter.9}% 19
\BOOKMARK [1][-]{section.9.2}{Significance vs. Value}{chapter.9}% 20
\BOOKMARK [1][-]{section.9.3}{Homework}{chapter.9}% 21
